<?xml version="1.0" encoding="UTF-8"?>
<!-- Generated by org.testng.reporters.JUnitXMLReporter -->
<testsuite ignored="0" hostname="ITLRWI016" failures="1" tests="27" name="Test Sessions" time="44.972" errors="0" timestamp="2023-01-10T16:52:10 IST">
  <testcase classname="com.Parameters.ParameterTest" name="secureWatchLogin" time="11.326"/>
  <testcase classname="com.test.GoogleTest" name="googleTitle" time="0.026"/>
  <testcase classname="com.test.GoogleTest" name="googleImageDisplay" time="0.079"/>
  <testcase classname="com.test.GoogleTest" name="mailLink" time="0.092"/>
  <testcase classname="com.test.GoogleTest" name="test1" time="0.002"/>
  <testcase classname="com.test.GoogleTest" name="test2" time="0.004"/>
  <testcase classname="com.test.GoogleTest" name="test3" time="0.001"/>
  <testcase classname="com.test.TestNGFeatures" name="loginTest" time="0.001">
    <failure type="java.lang.ArithmeticException" message="/ by zero">
      <![CDATA[java.lang.ArithmeticException: / by zero
at com.test.TestNGFeatures.loginTest(TestNGFeatures.java:10)
at java.base/java.util.ArrayList.forEach(ArrayList.java:1511)
... Removed 27 stack frames]]>
    </failure>
  </testcase> <!-- loginTest -->
  <testcase classname="com.test.TestNGFeatures" name="homeTest" time="0.001">
    <skipped/>
  </testcase> <!-- homeTest -->
  <testcase classname="com.test.TestNGFeatures" name="registartionTest" time="0.0">
    <skipped/>
  </testcase> <!-- registartionTest -->
  <testcase classname="com.test.TestNGFeatures" name="searchTest" time="0.0">
    <skipped/>
  </testcase> <!-- searchTest -->
  <testcase classname="com.test.GoogleTitleTest" name="googleImageDisplay" time="0.062"/>
  <testcase classname="com.test.GoogleTitleTest" name="googleTitle" time="0.012"/>
  <testcase classname="com.test.TestNG_Basics" name="googleLogoTest" time="0.001"/>
  <testcase classname="com.test.TestNG_Basics" name="googleTitle" time="0.002"/>
  <testcase classname="com.test.TestNG_Basics" name="searchText" time="0.002"/>
  <testcase classname="com.test.InvocationCountTest" name="countTest" time="0.002"/>
  <testcase classname="com.test.InvocationCountTest" name="countTest" time="0.001"/>
  <testcase classname="com.test.InvocationCountTest" name="countTest" time="0.002"/>
  <testcase classname="com.test.InvocationCountTest" name="countTest" time="0.001"/>
  <testcase classname="com.test.InvocationCountTest" name="countTest" time="0.001"/>
  <testcase classname="com.test.InvocationCountTest" name="countTest" time="0.001"/>
  <testcase classname="com.test.InvocationCountTest" name="countTest" time="0.002"/>
  <testcase classname="com.test.InvocationCountTest" name="countTest" time="0.001"/>
  <testcase classname="com.test.InvocationCountTest" name="countTest" time="0.03"/>
  <testcase classname="com.test.InvocationCountTest" name="countTest" time="0.008"/>
  <testcase classname="com.test.InvocationTimeoutandExpectedException" name="infiniteloop" time="0.036"/>
</testsuite> <!-- Test Sessions -->
