<?xml version="1.0" encoding="UTF-8"?>
<!-- Generated by org.testng.reporters.JUnitReportReporter -->
<testsuite hostname="ITLRWI016" failures="1" tests="6" name="testRunner.TestRunnerTestNG" time="210.390" errors="0" timestamp="06 Jan 2023 18:46:28 GMT" skipped="0">
  <testcase classname="testRunner.TestRunnerTestNG" name="runScenario" time="45.776">
    <failure type="java.lang.AssertionError">
      <![CDATA[java.lang.AssertionError
at org.junit.Assert.fail(Assert.java:87)
at org.junit.Assert.assertTrue(Assert.java:42)
at org.junit.Assert.assertTrue(Assert.java:53)
at stepDefinitions.LoginPageSteps.home_page_title_should_be(LoginPageSteps.java:79)
at âœ½.home page title should be "SecureWatch | ERM"(file:///E:/Automation/CucumberHybridBDDProject/src/test/resources/com/features/LoginPage.feature:21)
]]>
    </failure>
  </testcase> <!-- runScenario -->
  <testcase classname="testRunner.TestRunnerTestNG" name="runScenario" time="26.567"/>
  <testcase classname="testRunner.TestRunnerTestNG" name="runScenario" time="16.886"/>
  <testcase classname="testRunner.TestRunnerTestNG" name="runScenario" time="25.370"/>
  <testcase classname="testRunner.TestRunnerTestNG" name="runScenario" time="94.141"/>
  <testcase classname="testRunner.TestRunnerTestNG" name="runScenario" time="1.650"/>
</testsuite> <!-- testRunner.TestRunnerTestNG -->
